<html>
<body>
<pre>
<h1>Vision Build Log</h1>
<h2>Project:</h2>
C:\Users\dhf\Desktop\stm32\usr\stm32.uvproj
Project File Date:  04/19/2016

<h2>Output:</h2>
Build target 'stm32'
linking...
Program Size: Code=5248 RO-data=224 RW-data=48 ZI-data=1632  
"..\obj\stm32.axf" - 0 Error(s), 0 Warning(s).
</pre>
</body>
</html>
o.c...
compiling stm32f0xx_iwdg.c...
compiling stm32f0xx_misc.c...
compiling stm32f0xx_rcc.c...
compiling stm32f0xx_tim.c...
compiling stm32f0xx_usart.c...
compiling stm32f0xx_wwdg.c...
compiling main.c...
compiling stm32f0xx_it.c...
compiling system_stm32f0xx.c...
compiling adc.c...
compiling delay.c...
compiling led.c...
compiling timer.c...
compiling usart.c...
compiling wdog.c...
..\hardware\wdog.c(10): error:  #7: unrecognized token
  ・・//喂狗时间，注意不能大于0xfff
..\hardware\wdog.c(10): error:  #29: expected an expression
  ・・//喂狗时间，注意不能大于0xfff
..\hardware\wdog.c(10): error:  #7: unrecognized token
  ・・//喂狗时间，注意不能大于0xfff
..\hardware\wdog.c: 0 warnings, 3 errors
"..\obj\stm32.axf" - 3 Error(s), 0 Warning(s).
Target not created
